2019-03-21 19:54:23.067 | INFO     | __main__:<module>:5 - Started Feature Exaction
2019-03-21 19:58:53.161 | INFO     | __main__:<module>:7 - Completed Feature Exaction
2019-03-21 19:58:53.162 | INFO     | __main__:<module>:9 - Started Model Wrapper
2019-03-21 19:58:53.163 | INFO     | codes.model_wrapper:run_all_model_class_models:19 - *****Classification Models*****
2019-03-21 19:58:53.163 | INFO     | codes.model_wrapper:run_all_model_class_models:22 - Working Phase I - logistic_regression
2019-03-21 19:58:53.416 | INFO     | codes.model_classification:grid_search:254 - CV score 0.6331526648599819
2019-03-21 19:58:53.417 | INFO     | codes.model_classification:grid_search:255 - Best parameters: {'logistic__C': 0.004641588833612782, 'logistic__penalty': 'l2'}
2019-03-21 19:58:53.418 | INFO     | codes.model_classification:grid_search:260 - Odds coefficients
2019-03-21 19:58:53.419 | INFO     | codes.model_classification:grid_search:261 - [('Phase I subject mean', 0.878), ('Phase I trial length', 0.943), ('Phase I center count', 0.878), ('Phase I Completed', 1.048), ('Phase I Discontinued', 1.009), ('Phase I Other Trial Status', 1.013), ('Phase I Other Design Status', 1.015), ('Phase I cohort', 0.995), ('Phase I crossover', 1.02), ('Phase I double-blind', 1.011), ('Phase I multicentre', 1.018), ('Phase I observational', 0.987), ('Phase I open', 1.041), ('Phase I parallel', 1.024), ('Phase I prospective', 1.051), ('Phase I randomised', 1.034), ('Number of Organizations', 1.122)]
2019-03-21 19:58:53.423 | INFO     | codes.model_classification:predict_test:269 - Precision Test Score: 0.685
2019-03-21 19:58:53.424 | INFO     | codes.model_classification:predict_test:270 - -------------------------------
2019-03-21 19:58:53.425 | INFO     | codes.model_wrapper:run_all_model_class_models:22 - Working Phase II - logistic_regression
2019-03-21 19:58:53.702 | INFO     | codes.model_classification:grid_search:254 - CV score 0.8580548027702498
2019-03-21 19:58:53.703 | INFO     | codes.model_classification:grid_search:255 - Best parameters: {'logistic__C': 0.21544346900318845, 'logistic__penalty': 'l2'}
2019-03-21 19:58:53.704 | INFO     | codes.model_classification:grid_search:260 - Odds coefficients
2019-03-21 19:58:53.705 | INFO     | codes.model_classification:grid_search:261 - [('Phase II subject mean', 0.818), ('Phase II trial length', 1.001), ('Phase II center count', 0.818), ('Phase II Completed', 1.976), ('Phase II Discontinued', 0.637), ('Phase II Other Trial Status', 1.382), ('Phase II Other Design Status', 1.392), ('Phase II cohort', 1.276), ('Phase II crossover', 1.174), ('Phase II double-blind', 1.107), ('Phase II multicentre', 1.301), ('Phase II observational', 1.54), ('Phase II open', 1.467), ('Phase II parallel', 0.822), ('Phase II prospective', 1.515), ('Phase II randomised', 1.295), ('Phase II retrospective', 0.936), ('Number of Organizations', 1.991)]
2019-03-21 19:58:53.707 | INFO     | codes.model_classification:predict_test:269 - Precision Test Score: 0.478
2019-03-21 19:58:53.708 | INFO     | codes.model_classification:predict_test:270 - -------------------------------
2019-03-21 19:58:53.709 | INFO     | codes.model_wrapper:run_all_model_class_models:22 - Working Phase III - logistic_regression
2019-03-21 19:58:53.983 | INFO     | codes.model_classification:grid_search:254 - CV score 0.9168925022583558
2019-03-21 19:58:53.984 | INFO     | codes.model_classification:grid_search:255 - Best parameters: {'logistic__C': 10.0, 'logistic__penalty': 'l2'}
2019-03-21 19:58:53.985 | INFO     | codes.model_classification:grid_search:260 - Odds coefficients
2019-03-21 19:58:53.986 | INFO     | codes.model_classification:grid_search:261 - [('Phase III subject mean', 1.743), ('Phase III trial length', 0.994), ('Phase III center count', 1.743), ('Phase III Completed', 1.383), ('Phase III Discontinued', 0.939), ('Phase III Other Trial Status', 1.205), ('Phase III Other Design Status', 0.964), ('Phase III cohort', 0.082), ('Phase III crossover', 1.206), ('Phase III double-blind', 1.268), ('Phase III multicentre', 0.541), ('Phase III observational', 3.219), ('Phase III open', 3.151), ('Phase III parallel', 22.645), ('Phase III prospective', 64.586), ('Phase III randomised', 0.003), ('Phase III retrospective', 1.137), ('Number of Organizations', 0.845)]
2019-03-21 19:58:53.989 | INFO     | codes.model_classification:predict_test:269 - Precision Test Score: 0.6
2019-03-21 19:58:53.990 | INFO     | codes.model_classification:predict_test:270 - -------------------------------
2019-03-21 19:58:53.992 | INFO     | codes.model_wrapper:main2:73 - Classication models complete!
2019-03-21 19:58:53.993 | INFO     | codes.model_wrapper:run_all_model_regress_models:39 - *****Regression Models*****
2019-03-21 19:58:53.994 | INFO     | codes.model_wrapper:run_all_model_regress_models:42 - Working Phase I - ols
2019-03-21 19:58:54.110 | INFO     | codes.model_classification:grid_search:254 - CV score 0.17632350963428373
2019-03-21 19:58:54.111 | INFO     | codes.model_classification:grid_search:255 - Best parameters: {'ols__fit_intercept': True, 'ols__normalize': True}
2019-03-21 19:58:54.113 | INFO     | codes.model_regression:predict_test:273 - RMSE Score: 910.209
2019-03-21 19:58:54.113 | INFO     | codes.model_regression:predict_test:274 - -------------------------------
2019-03-21 19:58:54.114 | INFO     | codes.model_wrapper:run_all_model_regress_models:42 - Working Phase II - ols
2019-03-21 19:58:54.220 | INFO     | codes.model_classification:grid_search:254 - CV score 0.17199515073469346
2019-03-21 19:58:54.221 | INFO     | codes.model_classification:grid_search:255 - Best parameters: {'ols__fit_intercept': True, 'ols__normalize': False}
2019-03-21 19:58:54.223 | INFO     | codes.model_regression:predict_test:273 - RMSE Score: 594.393
2019-03-21 19:58:54.224 | INFO     | codes.model_regression:predict_test:274 - -------------------------------
2019-03-21 19:58:54.225 | INFO     | codes.model_wrapper:run_all_model_regress_models:42 - Working Phase III - ols
2019-03-21 19:58:54.316 | INFO     | codes.model_classification:grid_search:254 - CV score -1.1130429918535441e+23
2019-03-21 19:58:54.317 | INFO     | codes.model_classification:grid_search:255 - Best parameters: {'ols__fit_intercept': False, 'ols__normalize': True}
2019-03-21 19:58:54.319 | INFO     | codes.model_regression:predict_test:273 - RMSE Score: 1415.889
2019-03-21 19:58:54.320 | INFO     | codes.model_regression:predict_test:274 - -------------------------------
2019-03-21 19:58:54.321 | INFO     | codes.model_wrapper:main2:78 - Regression models complete!
2019-03-21 19:58:54.322 | INFO     | __main__:<module>:11 - Completed Started Model Wrapper
